[WARN ] - [03/06/2014 21:35:09] - [] - [org.gunisalvo.grappa.Grappa.iniciarLog(Grappa.java:135)]
[WARN ] - [03/06/2014 21:35:09] - [=========================================================================] - [org.gunisalvo.grappa.Grappa.iniciarLog(Grappa.java:136)]
[WARN ] - [03/06/2014 21:35:09] - [GRAPPA >> DEPLOY EFETUADO: 21:35:09 03/06/2014] - [org.gunisalvo.grappa.Grappa.iniciarLog(Grappa.java:137)]
[WARN ] - [03/06/2014 21:35:09] - [log criado em: log/grappa.log] - [org.gunisalvo.grappa.Grappa.iniciarLog(Grappa.java:138)]
[WARN ] - [03/06/2014 21:35:09] - [=========================================================================] - [org.gunisalvo.grappa.Grappa.iniciarLog(Grappa.java:139)]
[WARN ] - [03/06/2014 21:35:09] - [] - [org.gunisalvo.grappa.Grappa.iniciarLog(Grappa.java:140)]
[INFO ] - [03/06/2014 21:35:10] - [Barramento Registradores iniciado.] - [org.gunisalvo.grappa.Grappa.log(Grappa.java:149)]
[WARN ] - [03/06/2014 21:36:21] - [] - [org.gunisalvo.grappa.Grappa.iniciarLog(Grappa.java:135)]
[WARN ] - [03/06/2014 21:36:21] - [=========================================================================] - [org.gunisalvo.grappa.Grappa.iniciarLog(Grappa.java:136)]
[WARN ] - [03/06/2014 21:36:21] - [GRAPPA >> DEPLOY EFETUADO: 21:36:21 03/06/2014] - [org.gunisalvo.grappa.Grappa.iniciarLog(Grappa.java:137)]
[WARN ] - [03/06/2014 21:36:21] - [log criado em: log/grappa.log] - [org.gunisalvo.grappa.Grappa.iniciarLog(Grappa.java:138)]
[WARN ] - [03/06/2014 21:36:21] - [=========================================================================] - [org.gunisalvo.grappa.Grappa.iniciarLog(Grappa.java:139)]
[WARN ] - [03/06/2014 21:36:21] - [] - [org.gunisalvo.grappa.Grappa.iniciarLog(Grappa.java:140)]
[INFO ] - [03/06/2014 21:36:21] - [Barramento Registradores iniciado.] - [org.gunisalvo.grappa.Grappa.log(Grappa.java:149)]
[INFO ] - [03/06/2014 21:36:21] - [Barramento GPIO - "org.gunisalvo.grappa.gpio.hardware.RaspberryVirtual" - iniciado.] - [org.gunisalvo.grappa.Grappa.log(Grappa.java:149)]
[WARN ] - [04/06/2014 20:28:53] - [] - [org.gunisalvo.grappa.Grappa.iniciarLog(Grappa.java:135)]
[WARN ] - [04/06/2014 20:28:53] - [=========================================================================] - [org.gunisalvo.grappa.Grappa.iniciarLog(Grappa.java:136)]
[WARN ] - [04/06/2014 20:28:53] - [GRAPPA >> DEPLOY EFETUADO: 20:28:53 04/06/2014] - [org.gunisalvo.grappa.Grappa.iniciarLog(Grappa.java:137)]
[WARN ] - [04/06/2014 20:28:53] - [log criado em: log/grappa.log] - [org.gunisalvo.grappa.Grappa.iniciarLog(Grappa.java:138)]
[WARN ] - [04/06/2014 20:28:53] - [=========================================================================] - [org.gunisalvo.grappa.Grappa.iniciarLog(Grappa.java:139)]
[WARN ] - [04/06/2014 20:28:53] - [] - [org.gunisalvo.grappa.Grappa.iniciarLog(Grappa.java:140)]
[INFO ] - [04/06/2014 20:28:53] - [Barramento Registradores iniciado.] - [org.gunisalvo.grappa.Grappa.log(Grappa.java:149)]
[INFO ] - [04/06/2014 20:28:53] - [Barramento GPIO - "org.gunisalvo.grappa.gpio.hardware.RaspberryVirtual" - iniciado.] - [org.gunisalvo.grappa.Grappa.log(Grappa.java:149)]
[INFO ] - [04/06/2014 20:28:53] - [Processando chamada a REGISTRADOR...] - [org.gunisalvo.grappa.Grappa.log(Grappa.java:149)]
[INFO ] - [04/06/2014 20:28:53] - [... chamada a REGISTRADOR realizada com sucesso.] - [org.gunisalvo.grappa.Grappa.log(Grappa.java:149)]
[INFO ] - [04/06/2014 20:28:53] - [Processando chamada a GPIO...] - [org.gunisalvo.grappa.Grappa.log(Grappa.java:149)]
[INFO ] - [04/06/2014 20:28:53] - [... chamada a GPIO realizada com sucesso.] - [org.gunisalvo.grappa.Grappa.log(Grappa.java:149)]
[INFO ] - [04/06/2014 20:28:53] - [Processando chamada a GPIO...] - [org.gunisalvo.grappa.Grappa.log(Grappa.java:149)]
[INFO ] - [04/06/2014 20:28:53] - [... chamada a GPIO realizada com sucesso.] - [org.gunisalvo.grappa.Grappa.log(Grappa.java:149)]
[INFO ] - [04/06/2014 20:28:53] - [Processando chamada a REGISTRADOR...] - [org.gunisalvo.grappa.Grappa.log(Grappa.java:149)]
[INFO ] - [04/06/2014 20:28:53] - [... chamada a REGISTRADOR realizada com sucesso.] - [org.gunisalvo.grappa.Grappa.log(Grappa.java:149)]
[WARN ] - [04/06/2014 20:31:29] - [] - [org.gunisalvo.grappa.Grappa.iniciarLog(Grappa.java:135)]
[WARN ] - [04/06/2014 20:31:29] - [=========================================================================] - [org.gunisalvo.grappa.Grappa.iniciarLog(Grappa.java:136)]
[WARN ] - [04/06/2014 20:31:29] - [GRAPPA >> DEPLOY EFETUADO: 20:31:29 04/06/2014] - [org.gunisalvo.grappa.Grappa.iniciarLog(Grappa.java:137)]
[WARN ] - [04/06/2014 20:31:29] - [log criado em: log/grappa.log] - [org.gunisalvo.grappa.Grappa.iniciarLog(Grappa.java:138)]
[WARN ] - [04/06/2014 20:31:29] - [=========================================================================] - [org.gunisalvo.grappa.Grappa.iniciarLog(Grappa.java:139)]
[WARN ] - [04/06/2014 20:31:29] - [] - [org.gunisalvo.grappa.Grappa.iniciarLog(Grappa.java:140)]
[INFO ] - [04/06/2014 20:31:29] - [Barramento Registradores iniciado.] - [org.gunisalvo.grappa.Grappa.log(Grappa.java:149)]
[INFO ] - [04/06/2014 20:31:29] - [Barramento GPIO - "org.gunisalvo.grappa.gpio.hardware.RaspberryVirtual" - iniciado.] - [org.gunisalvo.grappa.Grappa.log(Grappa.java:149)]
[INFO ] - [04/06/2014 20:31:29] - [Processando chamada a REGISTRADOR...] - [org.gunisalvo.grappa.Grappa.log(Grappa.java:149)]
[INFO ] - [04/06/2014 20:31:29] - [... chamada a REGISTRADOR realizada com sucesso.] - [org.gunisalvo.grappa.Grappa.log(Grappa.java:149)]
[INFO ] - [04/06/2014 20:31:29] - [Processando chamada a GPIO...] - [org.gunisalvo.grappa.Grappa.log(Grappa.java:149)]
[INFO ] - [04/06/2014 20:31:29] - [... chamada a GPIO realizada com sucesso.] - [org.gunisalvo.grappa.Grappa.log(Grappa.java:149)]
[INFO ] - [04/06/2014 20:31:29] - [Processando chamada a GPIO...] - [org.gunisalvo.grappa.Grappa.log(Grappa.java:149)]
[INFO ] - [04/06/2014 20:31:29] - [... chamada a GPIO realizada com sucesso.] - [org.gunisalvo.grappa.Grappa.log(Grappa.java:149)]
[INFO ] - [04/06/2014 20:31:29] - [Processando chamada a REGISTRADOR...] - [org.gunisalvo.grappa.Grappa.log(Grappa.java:149)]
[INFO ] - [04/06/2014 20:31:29] - [... chamada a REGISTRADOR realizada com sucesso.] - [org.gunisalvo.grappa.Grappa.log(Grappa.java:149)]
[WARN ] - [04/06/2014 20:35:32] - [] - [org.gunisalvo.grappa.Grappa.iniciarLog(Grappa.java:135)]
[WARN ] - [04/06/2014 20:35:32] - [=========================================================================] - [org.gunisalvo.grappa.Grappa.iniciarLog(Grappa.java:136)]
[WARN ] - [04/06/2014 20:35:32] - [GRAPPA >> DEPLOY EFETUADO: 20:35:32 04/06/2014] - [org.gunisalvo.grappa.Grappa.iniciarLog(Grappa.java:137)]
[WARN ] - [04/06/2014 20:35:32] - [log criado em: log/grappa.log] - [org.gunisalvo.grappa.Grappa.iniciarLog(Grappa.java:138)]
[WARN ] - [04/06/2014 20:35:32] - [=========================================================================] - [org.gunisalvo.grappa.Grappa.iniciarLog(Grappa.java:139)]
[WARN ] - [04/06/2014 20:35:32] - [] - [org.gunisalvo.grappa.Grappa.iniciarLog(Grappa.java:140)]
[INFO ] - [04/06/2014 20:35:32] - [Barramento Registradores iniciado.] - [org.gunisalvo.grappa.Grappa.log(Grappa.java:149)]
[INFO ] - [04/06/2014 20:35:32] - [Barramento GPIO - "org.gunisalvo.grappa.gpio.hardware.RaspberryVirtual" - iniciado.] - [org.gunisalvo.grappa.Grappa.log(Grappa.java:149)]
[INFO ] - [04/06/2014 20:35:32] - [Processando chamada a REGISTRADOR...] - [org.gunisalvo.grappa.Grappa.log(Grappa.java:149)]
[INFO ] - [04/06/2014 20:35:32] - [... chamada a REGISTRADOR realizada com sucesso.] - [org.gunisalvo.grappa.Grappa.log(Grappa.java:149)]
[INFO ] - [04/06/2014 20:35:32] - [Processando chamada a GPIO...] - [org.gunisalvo.grappa.Grappa.log(Grappa.java:149)]
[INFO ] - [04/06/2014 20:35:32] - [... chamada a GPIO realizada com sucesso.] - [org.gunisalvo.grappa.Grappa.log(Grappa.java:149)]
[INFO ] - [04/06/2014 20:35:32] - [Processando chamada a GPIO...] - [org.gunisalvo.grappa.Grappa.log(Grappa.java:149)]
[INFO ] - [04/06/2014 20:35:32] - [... chamada a GPIO realizada com sucesso.] - [org.gunisalvo.grappa.Grappa.log(Grappa.java:149)]
[INFO ] - [04/06/2014 20:35:32] - [Processando chamada a REGISTRADOR...] - [org.gunisalvo.grappa.Grappa.log(Grappa.java:149)]
[INFO ] - [04/06/2014 20:35:32] - [... chamada a REGISTRADOR realizada com sucesso.] - [org.gunisalvo.grappa.Grappa.log(Grappa.java:149)]
[WARN ] - [04/06/2014 20:36:13] - [] - [org.gunisalvo.grappa.Grappa.iniciarLog(Grappa.java:135)]
[WARN ] - [04/06/2014 20:36:13] - [=========================================================================] - [org.gunisalvo.grappa.Grappa.iniciarLog(Grappa.java:136)]
[WARN ] - [04/06/2014 20:36:13] - [GRAPPA >> DEPLOY EFETUADO: 20:36:13 04/06/2014] - [org.gunisalvo.grappa.Grappa.iniciarLog(Grappa.java:137)]
[WARN ] - [04/06/2014 20:36:13] - [log criado em: log/grappa.log] - [org.gunisalvo.grappa.Grappa.iniciarLog(Grappa.java:138)]
[WARN ] - [04/06/2014 20:36:13] - [=========================================================================] - [org.gunisalvo.grappa.Grappa.iniciarLog(Grappa.java:139)]
[WARN ] - [04/06/2014 20:36:13] - [] - [org.gunisalvo.grappa.Grappa.iniciarLog(Grappa.java:140)]
[INFO ] - [04/06/2014 20:36:13] - [Barramento Registradores iniciado.] - [org.gunisalvo.grappa.Grappa.log(Grappa.java:149)]
[INFO ] - [04/06/2014 20:36:13] - [Barramento GPIO - "org.gunisalvo.grappa.gpio.hardware.RaspberryVirtual" - iniciado.] - [org.gunisalvo.grappa.Grappa.log(Grappa.java:149)]
[INFO ] - [04/06/2014 20:36:18] - [Processando chamada a REGISTRADOR...] - [org.gunisalvo.grappa.Grappa.log(Grappa.java:149)]
[INFO ] - [04/06/2014 20:36:18] - [... chamada a REGISTRADOR realizada com sucesso.] - [org.gunisalvo.grappa.Grappa.log(Grappa.java:149)]
[INFO ] - [04/06/2014 20:36:20] - [Processando chamada a GPIO...] - [org.gunisalvo.grappa.Grappa.log(Grappa.java:149)]
[INFO ] - [04/06/2014 20:36:20] - [... chamada a GPIO realizada com sucesso.] - [org.gunisalvo.grappa.Grappa.log(Grappa.java:149)]
[INFO ] - [04/06/2014 20:36:21] - [Processando chamada a GPIO...] - [org.gunisalvo.grappa.Grappa.log(Grappa.java:149)]
[INFO ] - [04/06/2014 20:36:21] - [... chamada a GPIO realizada com sucesso.] - [org.gunisalvo.grappa.Grappa.log(Grappa.java:149)]
[INFO ] - [04/06/2014 20:36:22] - [Processando chamada a REGISTRADOR...] - [org.gunisalvo.grappa.Grappa.log(Grappa.java:149)]
[INFO ] - [04/06/2014 20:36:22] - [... chamada a REGISTRADOR realizada com sucesso.] - [org.gunisalvo.grappa.Grappa.log(Grappa.java:149)]
[WARN ] - [04/06/2014 20:41:56] - [] - [org.gunisalvo.grappa.Grappa.iniciarLog(Grappa.java:135)]
[WARN ] - [04/06/2014 20:41:56] - [=========================================================================] - [org.gunisalvo.grappa.Grappa.iniciarLog(Grappa.java:136)]
[WARN ] - [04/06/2014 20:41:56] - [GRAPPA >> DEPLOY EFETUADO: 20:41:56 04/06/2014] - [org.gunisalvo.grappa.Grappa.iniciarLog(Grappa.java:137)]
[WARN ] - [04/06/2014 20:41:56] - [log criado em: log/grappa.log] - [org.gunisalvo.grappa.Grappa.iniciarLog(Grappa.java:138)]
[WARN ] - [04/06/2014 20:41:56] - [=========================================================================] - [org.gunisalvo.grappa.Grappa.iniciarLog(Grappa.java:139)]
[WARN ] - [04/06/2014 20:41:56] - [] - [org.gunisalvo.grappa.Grappa.iniciarLog(Grappa.java:140)]
[INFO ] - [04/06/2014 20:41:56] - [Barramento Registradores iniciado.] - [org.gunisalvo.grappa.Grappa.log(Grappa.java:149)]
[INFO ] - [04/06/2014 20:41:56] - [Barramento GPIO - "org.gunisalvo.grappa.gpio.hardware.RaspberryVirtual" - iniciado.] - [org.gunisalvo.grappa.Grappa.log(Grappa.java:149)]
[INFO ] - [04/06/2014 20:41:56] - [Processando chamada a REGISTRADOR...] - [org.gunisalvo.grappa.Grappa.log(Grappa.java:149)]
[INFO ] - [04/06/2014 20:41:56] - [... chamada a REGISTRADOR realizada com sucesso.] - [org.gunisalvo.grappa.Grappa.log(Grappa.java:149)]
[INFO ] - [04/06/2014 20:41:56] - [Processando chamada a GPIO...] - [org.gunisalvo.grappa.Grappa.log(Grappa.java:149)]
[INFO ] - [04/06/2014 20:41:56] - [... chamada a GPIO realizada com sucesso.] - [org.gunisalvo.grappa.Grappa.log(Grappa.java:149)]
[INFO ] - [04/06/2014 20:41:56] - [Processando chamada a GPIO...] - [org.gunisalvo.grappa.Grappa.log(Grappa.java:149)]
[INFO ] - [04/06/2014 20:41:56] - [... chamada a GPIO realizada com sucesso.] - [org.gunisalvo.grappa.Grappa.log(Grappa.java:149)]
[INFO ] - [04/06/2014 20:41:56] - [Processando chamada a REGISTRADOR...] - [org.gunisalvo.grappa.Grappa.log(Grappa.java:149)]
[INFO ] - [04/06/2014 20:41:56] - [... chamada a REGISTRADOR realizada com sucesso.] - [org.gunisalvo.grappa.Grappa.log(Grappa.java:149)]
[WARN ] - [04/06/2014 20:42:52] - [] - [org.gunisalvo.grappa.Grappa.iniciarLog(Grappa.java:135)]
[WARN ] - [04/06/2014 20:42:52] - [=========================================================================] - [org.gunisalvo.grappa.Grappa.iniciarLog(Grappa.java:136)]
[WARN ] - [04/06/2014 20:42:52] - [GRAPPA >> DEPLOY EFETUADO: 20:42:52 04/06/2014] - [org.gunisalvo.grappa.Grappa.iniciarLog(Grappa.java:137)]
[WARN ] - [04/06/2014 20:42:52] - [log criado em: log/grappa.log] - [org.gunisalvo.grappa.Grappa.iniciarLog(Grappa.java:138)]
[WARN ] - [04/06/2014 20:42:52] - [=========================================================================] - [org.gunisalvo.grappa.Grappa.iniciarLog(Grappa.java:139)]
[WARN ] - [04/06/2014 20:42:52] - [] - [org.gunisalvo.grappa.Grappa.iniciarLog(Grappa.java:140)]
[INFO ] - [04/06/2014 20:42:52] - [Barramento Registradores iniciado.] - [org.gunisalvo.grappa.Grappa.log(Grappa.java:149)]
[INFO ] - [04/06/2014 20:42:52] - [Barramento GPIO - "org.gunisalvo.grappa.gpio.hardware.RaspberryVirtual" - iniciado.] - [org.gunisalvo.grappa.Grappa.log(Grappa.java:149)]
[INFO ] - [04/06/2014 20:42:52] - [Processando chamada a REGISTRADOR...] - [org.gunisalvo.grappa.Grappa.log(Grappa.java:149)]
[INFO ] - [04/06/2014 20:42:52] - [... chamada a REGISTRADOR realizada com sucesso.] - [org.gunisalvo.grappa.Grappa.log(Grappa.java:149)]
[INFO ] - [04/06/2014 20:42:52] - [Processando chamada a GPIO...] - [org.gunisalvo.grappa.Grappa.log(Grappa.java:149)]
[INFO ] - [04/06/2014 20:42:52] - [... chamada a GPIO realizada com sucesso.] - [org.gunisalvo.grappa.Grappa.log(Grappa.java:149)]
[INFO ] - [04/06/2014 20:42:52] - [Processando chamada a GPIO...] - [org.gunisalvo.grappa.Grappa.log(Grappa.java:149)]
[INFO ] - [04/06/2014 20:42:52] - [... chamada a GPIO realizada com sucesso.] - [org.gunisalvo.grappa.Grappa.log(Grappa.java:149)]
[INFO ] - [04/06/2014 20:42:52] - [Processando chamada a REGISTRADOR...] - [org.gunisalvo.grappa.Grappa.log(Grappa.java:149)]
[INFO ] - [04/06/2014 20:42:52] - [... chamada a REGISTRADOR realizada com sucesso.] - [org.gunisalvo.grappa.Grappa.log(Grappa.java:149)]
[WARN ] - [04/06/2014 20:43:37] - [] - [org.gunisalvo.grappa.Grappa.iniciarLog(Grappa.java:135)]
[WARN ] - [04/06/2014 20:43:37] - [=========================================================================] - [org.gunisalvo.grappa.Grappa.iniciarLog(Grappa.java:136)]
[WARN ] - [04/06/2014 20:43:37] - [GRAPPA >> DEPLOY EFETUADO: 20:43:37 04/06/2014] - [org.gunisalvo.grappa.Grappa.iniciarLog(Grappa.java:137)]
[WARN ] - [04/06/2014 20:43:37] - [log criado em: log/grappa.log] - [org.gunisalvo.grappa.Grappa.iniciarLog(Grappa.java:138)]
[WARN ] - [04/06/2014 20:43:37] - [=========================================================================] - [org.gunisalvo.grappa.Grappa.iniciarLog(Grappa.java:139)]
[WARN ] - [04/06/2014 20:43:37] - [] - [org.gunisalvo.grappa.Grappa.iniciarLog(Grappa.java:140)]
[INFO ] - [04/06/2014 20:43:37] - [Barramento Registradores iniciado.] - [org.gunisalvo.grappa.Grappa.log(Grappa.java:149)]
[INFO ] - [04/06/2014 20:43:37] - [Barramento GPIO - "org.gunisalvo.grappa.gpio.hardware.RaspberryVirtual" - iniciado.] - [org.gunisalvo.grappa.Grappa.log(Grappa.java:149)]
[INFO ] - [04/06/2014 20:43:37] - [Processando chamada a REGISTRADOR...] - [org.gunisalvo.grappa.Grappa.log(Grappa.java:149)]
[INFO ] - [04/06/2014 20:43:37] - [... chamada a REGISTRADOR realizada com sucesso.] - [org.gunisalvo.grappa.Grappa.log(Grappa.java:149)]
[INFO ] - [04/06/2014 20:43:37] - [Processando chamada a GPIO...] - [org.gunisalvo.grappa.Grappa.log(Grappa.java:149)]
[INFO ] - [04/06/2014 20:43:37] - [... chamada a GPIO realizada com sucesso.] - [org.gunisalvo.grappa.Grappa.log(Grappa.java:149)]
[INFO ] - [04/06/2014 20:43:37] - [Processando chamada a GPIO...] - [org.gunisalvo.grappa.Grappa.log(Grappa.java:149)]
[INFO ] - [04/06/2014 20:43:37] - [... chamada a GPIO realizada com sucesso.] - [org.gunisalvo.grappa.Grappa.log(Grappa.java:149)]
[INFO ] - [04/06/2014 20:43:37] - [Processando chamada a REGISTRADOR...] - [org.gunisalvo.grappa.Grappa.log(Grappa.java:149)]
[INFO ] - [04/06/2014 20:43:37] - [... chamada a REGISTRADOR realizada com sucesso.] - [org.gunisalvo.grappa.Grappa.log(Grappa.java:149)]
[WARN ] - [04/06/2014 20:43:52] - [] - [org.gunisalvo.grappa.Grappa.iniciarLog(Grappa.java:135)]
[WARN ] - [04/06/2014 20:43:52] - [=========================================================================] - [org.gunisalvo.grappa.Grappa.iniciarLog(Grappa.java:136)]
[WARN ] - [04/06/2014 20:43:52] - [GRAPPA >> DEPLOY EFETUADO: 20:43:52 04/06/2014] - [org.gunisalvo.grappa.Grappa.iniciarLog(Grappa.java:137)]
[WARN ] - [04/06/2014 20:43:52] - [log criado em: log/grappa.log] - [org.gunisalvo.grappa.Grappa.iniciarLog(Grappa.java:138)]
[WARN ] - [04/06/2014 20:43:52] - [=========================================================================] - [org.gunisalvo.grappa.Grappa.iniciarLog(Grappa.java:139)]
[WARN ] - [04/06/2014 20:43:52] - [] - [org.gunisalvo.grappa.Grappa.iniciarLog(Grappa.java:140)]
[INFO ] - [04/06/2014 20:43:52] - [Barramento Registradores iniciado.] - [org.gunisalvo.grappa.Grappa.log(Grappa.java:149)]
[INFO ] - [04/06/2014 20:43:52] - [Barramento GPIO - "org.gunisalvo.grappa.gpio.hardware.RaspberryVirtual" - iniciado.] - [org.gunisalvo.grappa.Grappa.log(Grappa.java:149)]
[INFO ] - [04/06/2014 20:44:01] - [Processando chamada a REGISTRADOR...] - [org.gunisalvo.grappa.Grappa.log(Grappa.java:149)]
[INFO ] - [04/06/2014 20:44:01] - [... chamada a REGISTRADOR realizada com sucesso.] - [org.gunisalvo.grappa.Grappa.log(Grappa.java:149)]
[INFO ] - [04/06/2014 20:44:02] - [Processando chamada a GPIO...] - [org.gunisalvo.grappa.Grappa.log(Grappa.java:149)]
[INFO ] - [04/06/2014 20:44:02] - [... chamada a GPIO realizada com sucesso.] - [org.gunisalvo.grappa.Grappa.log(Grappa.java:149)]
[INFO ] - [04/06/2014 20:44:04] - [Processando chamada a GPIO...] - [org.gunisalvo.grappa.Grappa.log(Grappa.java:149)]
[INFO ] - [04/06/2014 20:44:04] - [... chamada a GPIO realizada com sucesso.] - [org.gunisalvo.grappa.Grappa.log(Grappa.java:149)]
[INFO ] - [04/06/2014 20:44:05] - [Processando chamada a REGISTRADOR...] - [org.gunisalvo.grappa.Grappa.log(Grappa.java:149)]
[INFO ] - [04/06/2014 20:44:05] - [... chamada a REGISTRADOR realizada com sucesso.] - [org.gunisalvo.grappa.Grappa.log(Grappa.java:149)]
[WARN ] - [04/06/2014 20:45:31] - [] - [org.gunisalvo.grappa.Grappa.iniciarLog(Grappa.java:135)]
[WARN ] - [04/06/2014 20:45:31] - [=========================================================================] - [org.gunisalvo.grappa.Grappa.iniciarLog(Grappa.java:136)]
[WARN ] - [04/06/2014 20:45:31] - [GRAPPA >> DEPLOY EFETUADO: 20:45:31 04/06/2014] - [org.gunisalvo.grappa.Grappa.iniciarLog(Grappa.java:137)]
[WARN ] - [04/06/2014 20:45:31] - [log criado em: log/grappa.log] - [org.gunisalvo.grappa.Grappa.iniciarLog(Grappa.java:138)]
[WARN ] - [04/06/2014 20:45:31] - [=========================================================================] - [org.gunisalvo.grappa.Grappa.iniciarLog(Grappa.java:139)]
[WARN ] - [04/06/2014 20:45:31] - [] - [org.gunisalvo.grappa.Grappa.iniciarLog(Grappa.java:140)]
[INFO ] - [04/06/2014 20:45:31] - [Barramento Registradores iniciado.] - [org.gunisalvo.grappa.Grappa.log(Grappa.java:149)]
[INFO ] - [04/06/2014 20:45:32] - [Barramento GPIO - "org.gunisalvo.grappa.gpio.hardware.RaspberryVirtual" - iniciado.] - [org.gunisalvo.grappa.Grappa.log(Grappa.java:149)]
[INFO ] - [04/06/2014 20:45:32] - [Processando chamada a REGISTRADOR...] - [org.gunisalvo.grappa.Grappa.log(Grappa.java:149)]
[INFO ] - [04/06/2014 20:45:32] - [... chamada a REGISTRADOR realizada com sucesso.] - [org.gunisalvo.grappa.Grappa.log(Grappa.java:149)]
[INFO ] - [04/06/2014 20:45:32] - [Processando chamada a GPIO...] - [org.gunisalvo.grappa.Grappa.log(Grappa.java:149)]
[INFO ] - [04/06/2014 20:46:51] - [... chamada a GPIO realizada com sucesso.] - [org.gunisalvo.grappa.Grappa.log(Grappa.java:149)]
[INFO ] - [04/06/2014 20:47:12] - [Processando chamada a GPIO...] - [org.gunisalvo.grappa.Grappa.log(Grappa.java:149)]
[WARN ] - [04/06/2014 21:11:00] - [] - [org.gunisalvo.grappa.Grappa.iniciarLog(Grappa.java:135)]
[WARN ] - [04/06/2014 21:11:00] - [=========================================================================] - [org.gunisalvo.grappa.Grappa.iniciarLog(Grappa.java:136)]
[WARN ] - [04/06/2014 21:11:00] - [GRAPPA >> DEPLOY EFETUADO: 21:11:00 04/06/2014] - [org.gunisalvo.grappa.Grappa.iniciarLog(Grappa.java:137)]
[WARN ] - [04/06/2014 21:11:00] - [log criado em: log/grappa.log] - [org.gunisalvo.grappa.Grappa.iniciarLog(Grappa.java:138)]
[WARN ] - [04/06/2014 21:11:00] - [=========================================================================] - [org.gunisalvo.grappa.Grappa.iniciarLog(Grappa.java:139)]
[WARN ] - [04/06/2014 21:11:00] - [] - [org.gunisalvo.grappa.Grappa.iniciarLog(Grappa.java:140)]
[INFO ] - [04/06/2014 21:11:00] - [Barramento Registradores iniciado.] - [org.gunisalvo.grappa.Grappa.log(Grappa.java:149)]
[INFO ] - [04/06/2014 21:11:01] - [Barramento GPIO - "org.gunisalvo.grappa.gpio.hardware.RaspberryVirtual" - iniciado.] - [org.gunisalvo.grappa.Grappa.log(Grappa.java:149)]
[INFO ] - [04/06/2014 21:11:01] - [Processando chamada a REGISTRADOR...] - [org.gunisalvo.grappa.Grappa.log(Grappa.java:149)]
[INFO ] - [04/06/2014 21:11:01] - [... chamada a REGISTRADOR realizada com sucesso.] - [org.gunisalvo.grappa.Grappa.log(Grappa.java:149)]
[INFO ] - [04/06/2014 21:13:46] - [... chamada a GPIO realizada com sucesso.] - [org.gunisalvo.grappa.Grappa.log(Grappa.java:149)]
[INFO ] - [04/06/2014 21:13:46] - [Processando chamada a REGISTRADOR...] - [org.gunisalvo.grappa.Grappa.log(Grappa.java:149)]
[INFO ] - [04/06/2014 21:13:46] - [... chamada a REGISTRADOR realizada com sucesso.] - [org.gunisalvo.grappa.Grappa.log(Grappa.java:149)]
[WARN ] - [04/06/2014 21:13:51] - [] - [org.gunisalvo.grappa.Grappa.iniciarLog(Grappa.java:135)]
[WARN ] - [04/06/2014 21:13:51] - [=========================================================================] - [org.gunisalvo.grappa.Grappa.iniciarLog(Grappa.java:136)]
[WARN ] - [04/06/2014 21:13:51] - [GRAPPA >> DEPLOY EFETUADO: 21:13:51 04/06/2014] - [org.gunisalvo.grappa.Grappa.iniciarLog(Grappa.java:137)]
[WARN ] - [04/06/2014 21:13:51] - [log criado em: log/grappa.log] - [org.gunisalvo.grappa.Grappa.iniciarLog(Grappa.java:138)]
[WARN ] - [04/06/2014 21:13:51] - [=========================================================================] - [org.gunisalvo.grappa.Grappa.iniciarLog(Grappa.java:139)]
[WARN ] - [04/06/2014 21:13:51] - [] - [org.gunisalvo.grappa.Grappa.iniciarLog(Grappa.java:140)]
[INFO ] - [04/06/2014 21:13:51] - [Barramento Registradores iniciado.] - [org.gunisalvo.grappa.Grappa.log(Grappa.java:149)]
[INFO ] - [04/06/2014 21:13:51] - [Barramento GPIO - "org.gunisalvo.grappa.gpio.hardware.RaspberryVirtual" - iniciado.] - [org.gunisalvo.grappa.Grappa.log(Grappa.java:149)]
[INFO ] - [04/06/2014 21:13:51] - [Processando chamada a REGISTRADOR...] - [org.gunisalvo.grappa.Grappa.log(Grappa.java:149)]
[INFO ] - [04/06/2014 21:13:51] - [... chamada a REGISTRADOR realizada com sucesso.] - [org.gunisalvo.grappa.Grappa.log(Grappa.java:149)]
[INFO ] - [04/06/2014 21:14:53] - [Processando chamada a GPIO...] - [org.gunisalvo.grappa.Grappa.log(Grappa.java:149)]
[INFO ] - [04/06/2014 21:15:06] - [Evento pino - estado : 1] - [org.gunisalvo.grappa.Grappa.log(Grappa.java:149)]
[INFO ] - [04/06/2014 21:15:06] - [Processando chamada a REGISTRADOR...] - [org.gunisalvo.grappa.Grappa.log(Grappa.java:149)]
[WARN ] - [04/06/2014 21:16:29] - [] - [org.gunisalvo.grappa.Grappa.iniciarLog(Grappa.java:135)]
[WARN ] - [04/06/2014 21:16:29] - [=========================================================================] - [org.gunisalvo.grappa.Grappa.iniciarLog(Grappa.java:136)]
[WARN ] - [04/06/2014 21:16:29] - [GRAPPA >> DEPLOY EFETUADO: 21:16:29 04/06/2014] - [org.gunisalvo.grappa.Grappa.iniciarLog(Grappa.java:137)]
[WARN ] - [04/06/2014 21:16:29] - [log criado em: log/grappa.log] - [org.gunisalvo.grappa.Grappa.iniciarLog(Grappa.java:138)]
[WARN ] - [04/06/2014 21:16:29] - [=========================================================================] - [org.gunisalvo.grappa.Grappa.iniciarLog(Grappa.java:139)]
[WARN ] - [04/06/2014 21:16:29] - [] - [org.gunisalvo.grappa.Grappa.iniciarLog(Grappa.java:140)]
[INFO ] - [04/06/2014 21:16:29] - [Barramento Registradores iniciado.] - [org.gunisalvo.grappa.Grappa.log(Grappa.java:149)]
[INFO ] - [04/06/2014 21:16:29] - [Barramento GPIO - "org.gunisalvo.grappa.gpio.hardware.RaspberryVirtual" - iniciado.] - [org.gunisalvo.grappa.Grappa.log(Grappa.java:149)]
[INFO ] - [04/06/2014 21:16:29] - [Processando chamada a REGISTRADOR...] - [org.gunisalvo.grappa.Grappa.log(Grappa.java:149)]
[INFO ] - [04/06/2014 21:16:29] - [... chamada a REGISTRADOR realizada com sucesso.] - [org.gunisalvo.grappa.Grappa.log(Grappa.java:149)]
[INFO ] - [04/06/2014 21:16:29] - [Processando chamada a GPIO...] - [org.gunisalvo.grappa.Grappa.log(Grappa.java:149)]
[INFO ] - [04/06/2014 21:16:29] - [Evento pino - estado : 1] - [org.gunisalvo.grappa.Grappa.log(Grappa.java:149)]
[INFO ] - [04/06/2014 21:16:29] - [Processando chamada a REGISTRADOR...] - [org.gunisalvo.grappa.Grappa.log(Grappa.java:149)]
[INFO ] - [04/06/2014 21:16:33] - [... chamada a REGISTRADOR realizada com sucesso.] - [org.gunisalvo.grappa.Grappa.log(Grappa.java:149)]
[INFO ] - [04/06/2014 21:16:33] - [... chamada a GPIO realizada com sucesso.] - [org.gunisalvo.grappa.Grappa.log(Grappa.java:149)]
[INFO ] - [04/06/2014 21:16:33] - [Processando chamada a GPIO...] - [org.gunisalvo.grappa.Grappa.log(Grappa.java:149)]
[INFO ] - [04/06/2014 21:16:33] - [Evento pino - estado : 0] - [org.gunisalvo.grappa.Grappa.log(Grappa.java:149)]
[INFO ] - [04/06/2014 21:16:33] - [... chamada a GPIO realizada com sucesso.] - [org.gunisalvo.grappa.Grappa.log(Grappa.java:149)]
[INFO ] - [04/06/2014 21:16:33] - [Processando chamada a REGISTRADOR...] - [org.gunisalvo.grappa.Grappa.log(Grappa.java:149)]
[INFO ] - [04/06/2014 21:16:33] - [... chamada a REGISTRADOR realizada com sucesso.] - [org.gunisalvo.grappa.Grappa.log(Grappa.java:149)]
[WARN ] - [04/06/2014 21:17:35] - [] - [org.gunisalvo.grappa.Grappa.iniciarLog(Grappa.java:135)]
[WARN ] - [04/06/2014 21:17:35] - [=========================================================================] - [org.gunisalvo.grappa.Grappa.iniciarLog(Grappa.java:136)]
[WARN ] - [04/06/2014 21:17:35] - [GRAPPA >> DEPLOY EFETUADO: 21:17:35 04/06/2014] - [org.gunisalvo.grappa.Grappa.iniciarLog(Grappa.java:137)]
[WARN ] - [04/06/2014 21:17:35] - [log criado em: log/grappa.log] - [org.gunisalvo.grappa.Grappa.iniciarLog(Grappa.java:138)]
[WARN ] - [04/06/2014 21:17:35] - [=========================================================================] - [org.gunisalvo.grappa.Grappa.iniciarLog(Grappa.java:139)]
[WARN ] - [04/06/2014 21:17:35] - [] - [org.gunisalvo.grappa.Grappa.iniciarLog(Grappa.java:140)]
[INFO ] - [04/06/2014 21:17:35] - [Barramento Registradores iniciado.] - [org.gunisalvo.grappa.Grappa.log(Grappa.java:149)]
[INFO ] - [04/06/2014 21:17:35] - [Barramento GPIO - "org.gunisalvo.grappa.gpio.hardware.RaspberryVirtual" - iniciado.] - [org.gunisalvo.grappa.Grappa.log(Grappa.java:149)]
[INFO ] - [04/06/2014 21:17:35] - [Processando chamada a REGISTRADOR...] - [org.gunisalvo.grappa.Grappa.log(Grappa.java:149)]
[INFO ] - [04/06/2014 21:17:35] - [... chamada a REGISTRADOR realizada com sucesso.] - [org.gunisalvo.grappa.Grappa.log(Grappa.java:149)]
[INFO ] - [04/06/2014 21:17:35] - [Processando chamada a GPIO...] - [org.gunisalvo.grappa.Grappa.log(Grappa.java:149)]
[INFO ] - [04/06/2014 21:17:35] - [Evento pino - estado : 1] - [org.gunisalvo.grappa.Grappa.log(Grappa.java:149)]
[INFO ] - [04/06/2014 21:17:35] - [Processando chamada a REGISTRADOR...] - [org.gunisalvo.grappa.Grappa.log(Grappa.java:149)]
[INFO ] - [04/06/2014 21:17:35] - [... chamada a REGISTRADOR realizada com sucesso.] - [org.gunisalvo.grappa.Grappa.log(Grappa.java:149)]
[INFO ] - [04/06/2014 21:17:35] - [... chamada a GPIO realizada com sucesso.] - [org.gunisalvo.grappa.Grappa.log(Grappa.java:149)]
[INFO ] - [04/06/2014 21:17:35] - [Processando chamada a GPIO...] - [org.gunisalvo.grappa.Grappa.log(Grappa.java:149)]
[INFO ] - [04/06/2014 21:17:35] - [Evento pino - estado : 0] - [org.gunisalvo.grappa.Grappa.log(Grappa.java:149)]
[INFO ] - [04/06/2014 21:17:35] - [... chamada a GPIO realizada com sucesso.] - [org.gunisalvo.grappa.Grappa.log(Grappa.java:149)]
[INFO ] - [04/06/2014 21:17:35] - [Processando chamada a REGISTRADOR...] - [org.gunisalvo.grappa.Grappa.log(Grappa.java:149)]
[INFO ] - [04/06/2014 21:17:35] - [... chamada a REGISTRADOR realizada com sucesso.] - [org.gunisalvo.grappa.Grappa.log(Grappa.java:149)]
